2024-12-29T21:04:32.655Z info: HTTPS Server running on https://localhost:3000
2024-12-29T21:05:02.712Z error: MongoDB connection error: Could not connect to any servers in your MongoDB Atlas cluster. One common reason is that you're trying to access the database from an IP that isn't whitelisted. Make sure your current IP address is on your Atlas cluster's IP whitelist: https://www.mongodb.com/docs/atlas/security-whitelist/
2024-12-29T21:08:20.557Z info: HTTPS Server running on https://localhost:3000
2024-12-29T21:08:48.894Z info: HTTPS Server running on https://localhost:3000
2024-12-29T21:09:32.450Z info: HTTPS Server running on https://localhost:3000
2024-12-29T21:09:33.459Z info: connection established successfully
2024-12-29T21:09:33.461Z info: MongoDB connected
2024-12-29T21:10:24.765Z info: HTTP Server running on http://localhost:3000
2024-12-29T21:10:25.798Z info: connection established successfully
2024-12-29T21:10:25.799Z info: MongoDB connected
2024-12-29T21:11:55.742Z info: HTTP Server running on http://localhost:3000
2024-12-29T21:11:56.728Z info: connection established successfully
2024-12-29T21:11:56.729Z info: MongoDB connected
2024-12-29T21:11:58.811Z info: User logged in successfully - IP: ::1
2024-12-29T21:13:29.151Z warn: No token provided - IP: ::1
2024-12-29T21:13:53.314Z warn: No token provided - IP: ::1
2024-12-29T21:14:19.389Z info: HTTP Server running on http://localhost:3000
2024-12-29T21:14:20.669Z info: connection established successfully
2024-12-29T21:14:20.671Z info: MongoDB connected
2024-12-29T21:16:51.748Z info: HTTP Server running on http://localhost:3000
2024-12-29T21:16:52.734Z info: connection established successfully
2024-12-29T21:16:52.735Z info: MongoDB connected
2024-12-29T21:18:19.645Z error: Error opening download stream: input must be a 24 character hex string, 12 byte Uint8Array, or an integer
2024-12-29T21:18:36.808Z error: Error opening download stream: input must be a 24 character hex string, 12 byte Uint8Array, or an integer
2024-12-29T21:19:09.292Z error: Error opening download stream: input must be a 24 character hex string, 12 byte Uint8Array, or an integer
2024-12-29T21:24:59.381Z info: HTTP Server running on http://localhost:3000
2024-12-29T21:29:25.351Z info: HTTP Server running on http://localhost:3000
2024-12-29T21:29:38.495Z error: Error uploading file to S3: The bucket does not allow ACLs
2024-12-29T21:29:52.854Z info: HTTP Server running on http://localhost:3000
2024-12-30T11:13:27.530Z info: HTTP Server running on http://localhost:3000
2024-12-30T11:13:35.189Z info: Received request at / - IP: ::1
2024-12-30T17:21:26.519Z info: HTTP Server running on http://localhost:3000
2024-12-30T17:21:26.539Z info: Received request at / - IP: ::ffff:127.0.0.1
2024-12-30T17:26:44.397Z info: Received request at / - IP: ::1
2024-12-30T17:34:53.075Z info: HTTP Server running on http://localhost:3000
2024-12-30T19:56:33.691Z info: HTTP Server running on http://localhost:3000
2024-12-30T20:35:52.750Z info: User logged in successfully - IP: ::1
2024-12-30T20:35:53.967Z info: User fetched successfully - IP: ::1
2024-12-30T20:56:18.147Z info: HTTP Server running on http://localhost:3000
2024-12-30T20:56:25.567Z info: User logged in successfully - IP: ::1
2024-12-30T20:56:26.367Z info: User fetched successfully - IP: ::1
2024-12-30T20:56:28.299Z info: Folders fetched successfully - IP: ::1
2024-12-30T20:56:28.426Z info: Folders fetched successfully - IP: ::1
2024-12-30T20:58:37.612Z info: Folders fetched successfully - IP: ::1
2024-12-30T20:58:37.740Z info: Folders fetched successfully - IP: ::1
