2024-12-30T21:27:15.608Z error: Error deleting file: 
Invalid `prisma.file.delete()` invocation:


An operation failed because it depends on one or more records that were required but not found. Record to delete does not exist. - IP: ::1
2024-12-30T21:28:20.901Z error: Error deleting file: 
Invalid `prisma.file.delete()` invocation in
C:\Users\yyili\Desktop\CodeCraftDev\server\src\controllers\fileController.ts:126:44

  123   return;
  124 }
  125 
→ 126 const result = await prisma.file.delete(
An operation failed because it depends on one or more records that were required but not found. Record to delete does not exist. - IP: ::1
2024-12-30T21:45:14.773Z error: Error sending verification email: connect ECONNREFUSED 127.0.0.1:587
2024-12-30T21:45:14.773Z error: Error registering user: Error sending verification email: connect ECONNREFUSED 127.0.0.1:587 - IP: ::1
2024-12-30T21:55:23.531Z error: Error deleting file: 
Invalid `prisma.file.delete()` invocation in
C:\Users\yyili\Desktop\CodeCraftDev\server\src\controllers\fileController.ts:126:44

  123   return;
  124 }
  125 
→ 126 const result = await prisma.file.delete(
An operation failed because it depends on one or more records that were required but not found. Record to delete does not exist. - IP: ::1
2024-12-30T21:55:32.412Z error: Error deleting file: 
Invalid `prisma.file.delete()` invocation in
C:\Users\yyili\Desktop\CodeCraftDev\server\src\controllers\fileController.ts:126:44

  123   return;
  124 }
  125 
→ 126 const result = await prisma.file.delete(
An operation failed because it depends on one or more records that were required but not found. Record to delete does not exist. - IP: ::1
2024-12-30T21:56:09.008Z error: Error deleting file: 
Invalid `prisma.file.delete()` invocation in
C:\Users\yyili\Desktop\CodeCraftDev\server\src\controllers\fileController.ts:126:44

  123   return;
  124 }
  125 
→ 126 const result = await prisma.file.delete(
An operation failed because it depends on one or more records that were required but not found. Record to delete does not exist. - IP: ::1
2024-12-31T07:42:33.207Z error: Invalid token: jwt expired - IP: ::1
2024-12-31T19:41:24.721Z error: Invalid token: jwt expired - IP: ::1
2024-12-31T20:43:36.792Z error: Invalid token: jwt expired - IP: ::1
2024-12-31T20:50:45.532Z error: Error calling API Gateway: Error executing code - IP: ::1
