{"level":"info","message":"Server running on http://localhost:3000","timestamp":"2024-12-29T00:24:13.098Z"}
2024-12-29T00:46:09.407Z info: Server running on http://localhost:3000
2024-12-29T00:46:16.082Z info: Received request at / - IP: ::1
2024-12-29T00:49:01.296Z info: User registered successfully - IP: ::1
2024-12-29T00:49:06.132Z info: User logged in successfully - IP: ::1
2024-12-29T00:49:16.347Z warn: No token provided - IP: ::1
2024-12-29T00:49:33.048Z info: User fetched successfully - IP: ::1
2024-12-29T00:51:58.821Z info: User fetched successfully - IP: ::1
2024-12-29T00:52:03.828Z info: Server running on http://localhost:3000
2024-12-29T00:52:05.574Z error: Error fetching user: 
Invalid `prisma.user.findUnique()` invocation in
C:\Users\yyili\Desktop\new_codecraft-ide-api\src\controllers\userController.ts:95:36

  92   return;
  93 }
  94 
→ 95 const user = await prisma.user.findUnique({
       where: {
         id: "cm58w7c120000snlgg9prvcun"
       },
       select: {
     ?   id?: true,
     ?   email?: true,
     ?   username?: true,
     ?   password?: true,
     ?   city?: true,
     ?   isAdmin?: true,
     ?   isVerified?: true,
     ?   verifyToken?: true,
     ?   resetToken?: true,
     ?   resetTokenExpiry?: true,
     ?   updatedAt?: true,
     ?   createdAt?: true,
     ?   codeExecutions?: true,
     ?   snippets?: true,
     ?   snippetComments?: true,
     ?   stars?: true,
     ?   solves?: true,
     ?   codes?: true,
     ?   projects?: true,
     ?   notifications?: true,
     ?   apiKeys?: true,
     ?   userAchievements?: true,
     ?   feedbacks?: true,
     ?   editorSettings?: true,
     ?   TeamMember?: true,
     ?   PromoCodeRedemption?: true,
     ?   _count?: true
       }
     })

The `select` statement for type User needs at least one truthy value. - IP: ::1
2024-12-29T00:52:55.138Z info: Server running on http://localhost:3000
2024-12-29T00:52:58.734Z info: User fetched successfully - IP: ::1
2024-12-29T00:53:40.497Z info: Server running on http://localhost:3000
2024-12-29T00:54:54.266Z info: Server running on http://localhost:3000
2024-12-29T01:00:31.770Z info: Received request at / - IP: ::1
2024-12-29T01:03:13.968Z info: User logged in successfully - IP: ::1
2024-12-29T01:03:55.236Z info: User logged in successfully - IP: ::1
2024-12-29T01:04:02.399Z info: User logged in successfully - IP: ::1
2024-12-29T01:09:17.146Z info: User logged in successfully - IP: ::1
2024-12-29T01:10:31.835Z info: User logged in successfully - IP: ::1
2024-12-29T01:10:31.840Z warn: No token provided - IP: ::1
2024-12-29T01:10:51.700Z info: User logged in successfully - IP: ::1
2024-12-29T01:10:51.704Z warn: No token provided - IP: ::1
2024-12-29T01:11:06.572Z info: User logged in successfully - IP: ::1
2024-12-29T01:11:06.576Z warn: No token provided - IP: ::1
2024-12-29T01:11:49.858Z info: User logged in successfully - IP: ::1
2024-12-29T01:11:49.863Z warn: No token provided - IP: ::1
2024-12-29T01:14:12.702Z info: User logged in successfully - IP: ::1
2024-12-29T01:14:13.820Z info: User fetched successfully - IP: ::1
2024-12-29T01:17:16.826Z info: Server running on http://localhost:3000
2024-12-29T01:18:19.550Z info: User fetched successfully - IP: ::1
2024-12-29T01:18:19.576Z info: User fetched successfully - IP: ::1
2024-12-29T01:18:26.743Z info: User fetched successfully - IP: ::1
2024-12-29T01:20:11.992Z info: User logged in successfully - IP: ::1
2024-12-29T01:20:12.431Z info: User fetched successfully - IP: ::1
2024-12-29T01:20:48.380Z info: User fetched successfully - IP: ::1
2024-12-29T01:20:59.398Z info: User fetched successfully - IP: ::1
2024-12-29T01:22:43.749Z info: User fetched successfully - IP: ::1
2024-12-29T01:22:53.292Z info: User fetched successfully - IP: ::1
2024-12-29T01:24:36.806Z info: User fetched successfully - IP: ::1
2024-12-29T01:24:44.692Z info: User fetched successfully - IP: ::1
2024-12-29T01:26:03.022Z info: User fetched successfully - IP: ::1
2024-12-29T01:26:09.365Z info: User fetched successfully - IP: ::1
2024-12-29T01:26:17.130Z info: User fetched successfully - IP: ::1
2024-12-29T01:29:22.091Z info: User fetched successfully - IP: ::1
2024-12-29T01:31:23.960Z info: User fetched successfully - IP: ::1
2024-12-29T01:31:38.592Z info: User fetched successfully - IP: ::1
2024-12-29T01:31:38.684Z info: User logged in successfully - IP: ::1
2024-12-29T01:31:39.106Z info: User fetched successfully - IP: ::1
2024-12-29T01:33:25.373Z info: User fetched successfully - IP: ::1
2024-12-29T01:33:28.386Z info: User logged in successfully - IP: ::1
2024-12-29T01:33:28.803Z info: User fetched successfully - IP: ::1
2024-12-29T01:35:48.664Z info: User fetched successfully - IP: ::1
2024-12-29T01:35:49.201Z info: User fetched successfully - IP: ::1
2024-12-29T01:35:52.369Z info: User fetched successfully - IP: ::1
2024-12-29T01:35:54.926Z info: User fetched successfully - IP: ::1
2024-12-29T01:36:45.534Z info: Server running on http://localhost:3000
2024-12-29T08:53:02.873Z info: Server running on http://localhost:3000
2024-12-29T08:53:14.299Z error: Invalid token: jwt expired - IP: ::1
2024-12-29T17:38:51.510Z info: Server running on http://localhost:3000
2024-12-29T20:15:21.039Z info: Server running on http://localhost:3000
2024-12-29T20:15:51.337Z error: MongoDB connection error: Could not connect to any servers in your MongoDB Atlas cluster. One common reason is that you're trying to access the database from an IP that isn't whitelisted. Make sure your current IP address is on your Atlas cluster's IP whitelist: https://www.mongodb.com/docs/atlas/security-whitelist/
2024-12-29T20:16:40.032Z info: Server running on http://localhost:3000
2024-12-29T20:17:10.309Z error: MongoDB connection error: Could not connect to any servers in your MongoDB Atlas cluster. One common reason is that you're trying to access the database from an IP that isn't whitelisted. Make sure your current IP address is on your Atlas cluster's IP whitelist: https://www.mongodb.com/docs/atlas/security-whitelist/
2024-12-29T20:18:04.351Z info: Server running on http://localhost:3000
2024-12-29T20:18:34.640Z error: MongoDB connection error: Could not connect to any servers in your MongoDB Atlas cluster. One common reason is that you're trying to access the database from an IP that isn't whitelisted. Make sure your current IP address is on your Atlas cluster's IP whitelist: https://www.mongodb.com/docs/atlas/security-whitelist/
2024-12-29T20:22:07.482Z info: Server running on http://localhost:3000
2024-12-29T20:22:37.652Z error: MongoDB connection error: Could not connect to any servers in your MongoDB Atlas cluster. One common reason is that you're trying to access the database from an IP that isn't whitelisted. Make sure your current IP address is on your Atlas cluster's IP whitelist: https://www.mongodb.com/docs/atlas/security-whitelist/
2024-12-29T20:27:48.757Z info: Server running on http://localhost:3000
2024-12-29T20:28:18.927Z error: MongoDB connection error: Could not connect to any servers in your MongoDB Atlas cluster. One common reason is that you're trying to access the database from an IP that isn't whitelisted. Make sure your current IP address is on your Atlas cluster's IP whitelist: https://www.mongodb.com/docs/atlas/security-whitelist/
2024-12-29T20:40:21.838Z info: HTTPS Server running on https://localhost:3000
2024-12-29T20:40:27.931Z info: Received request at / - IP: ::1
2024-12-29T20:40:51.960Z error: MongoDB connection error: Could not connect to any servers in your MongoDB Atlas cluster. One common reason is that you're trying to access the database from an IP that isn't whitelisted. Make sure your current IP address is on your Atlas cluster's IP whitelist: https://www.mongodb.com/docs/atlas/security-whitelist/
2024-12-29T20:41:00.465Z info: HTTPS Server running on https://localhost:3000
2024-12-29T20:41:28.597Z info: HTTPS Server running on https://localhost:3000
2024-12-29T20:41:58.835Z error: MongoDB connection error: Could not connect to any servers in your MongoDB Atlas cluster. One common reason is that you're trying to access the database from an IP that isn't whitelisted. Make sure your current IP address is on your Atlas cluster's IP whitelist: https://www.mongodb.com/docs/atlas/security-whitelist/
