2024-12-29T00:52:05.574Z error: Error fetching user: 
Invalid `prisma.user.findUnique()` invocation in
C:\Users\yyili\Desktop\new_codecraft-ide-api\src\controllers\userController.ts:95:36

  92   return;
  93 }
  94 
→ 95 const user = await prisma.user.findUnique({
       where: {
         id: "cm58w7c120000snlgg9prvcun"
       },
       select: {
     ?   id?: true,
     ?   email?: true,
     ?   username?: true,
     ?   password?: true,
     ?   city?: true,
     ?   isAdmin?: true,
     ?   isVerified?: true,
     ?   verifyToken?: true,
     ?   resetToken?: true,
     ?   resetTokenExpiry?: true,
     ?   updatedAt?: true,
     ?   createdAt?: true,
     ?   codeExecutions?: true,
     ?   snippets?: true,
     ?   snippetComments?: true,
     ?   stars?: true,
     ?   solves?: true,
     ?   codes?: true,
     ?   projects?: true,
     ?   notifications?: true,
     ?   apiKeys?: true,
     ?   userAchievements?: true,
     ?   feedbacks?: true,
     ?   editorSettings?: true,
     ?   TeamMember?: true,
     ?   PromoCodeRedemption?: true,
     ?   _count?: true
       }
     })

The `select` statement for type User needs at least one truthy value. - IP: ::1
2024-12-29T08:53:14.299Z error: Invalid token: jwt expired - IP: ::1
2024-12-29T20:15:51.337Z error: MongoDB connection error: Could not connect to any servers in your MongoDB Atlas cluster. One common reason is that you're trying to access the database from an IP that isn't whitelisted. Make sure your current IP address is on your Atlas cluster's IP whitelist: https://www.mongodb.com/docs/atlas/security-whitelist/
2024-12-29T20:17:10.309Z error: MongoDB connection error: Could not connect to any servers in your MongoDB Atlas cluster. One common reason is that you're trying to access the database from an IP that isn't whitelisted. Make sure your current IP address is on your Atlas cluster's IP whitelist: https://www.mongodb.com/docs/atlas/security-whitelist/
2024-12-29T20:18:34.641Z error: MongoDB connection error: Could not connect to any servers in your MongoDB Atlas cluster. One common reason is that you're trying to access the database from an IP that isn't whitelisted. Make sure your current IP address is on your Atlas cluster's IP whitelist: https://www.mongodb.com/docs/atlas/security-whitelist/
2024-12-29T20:22:37.652Z error: MongoDB connection error: Could not connect to any servers in your MongoDB Atlas cluster. One common reason is that you're trying to access the database from an IP that isn't whitelisted. Make sure your current IP address is on your Atlas cluster's IP whitelist: https://www.mongodb.com/docs/atlas/security-whitelist/
2024-12-29T20:28:18.928Z error: MongoDB connection error: Could not connect to any servers in your MongoDB Atlas cluster. One common reason is that you're trying to access the database from an IP that isn't whitelisted. Make sure your current IP address is on your Atlas cluster's IP whitelist: https://www.mongodb.com/docs/atlas/security-whitelist/
2024-12-29T20:40:51.960Z error: MongoDB connection error: Could not connect to any servers in your MongoDB Atlas cluster. One common reason is that you're trying to access the database from an IP that isn't whitelisted. Make sure your current IP address is on your Atlas cluster's IP whitelist: https://www.mongodb.com/docs/atlas/security-whitelist/
2024-12-29T20:41:58.835Z error: MongoDB connection error: Could not connect to any servers in your MongoDB Atlas cluster. One common reason is that you're trying to access the database from an IP that isn't whitelisted. Make sure your current IP address is on your Atlas cluster's IP whitelist: https://www.mongodb.com/docs/atlas/security-whitelist/
